<?xml version="1.0" encoding="UTF-8"?>
<testng-results skipped="5" failed="0" total="5" passed="0">
  <reporter-output>
  </reporter-output>
  <suite name="Forrester Suite" duration-ms="3208" started-at="2017-01-17T20:10:37Z" finished-at="2017-01-17T20:10:40Z">
    <groups>
    </groups>
    <test name="Navigate Test" duration-ms="2875" started-at="2017-01-17T20:10:37Z" finished-at="2017-01-17T20:10:40Z">
      <class name="com.forrester.testCases.Navigate">
        <test-method status="SKIP" signature="navigateaction(java.util.Hashtable)[pri:1, instance:com.forrester.testCases.Navigate@6df97b55]" name="navigateaction" duration-ms="0" started-at="2017-01-18T01:40:37Z" data-provider="getData" finished-at="2017-01-18T01:40:37Z">
          <params>
            <param index="0">
              <value>
                <![CDATA[{PlaceLocation=ariz, Runmode=Y}]]>
              </value>
            </param>
          </params>
          <reporter-output>
          </reporter-output>
        </test-method> <!-- navigateaction -->
      </class> <!-- com.forrester.testCases.Navigate -->
    </test> <!-- Navigate Test -->
    <test name="Mobformation Test" duration-ms="195" started-at="2017-01-17T20:10:40Z" finished-at="2017-01-17T20:10:40Z">
      <class name="com.forrester.testCases.Mobformation">
        <test-method status="SKIP" signature="checkmobformation(java.util.Hashtable)[pri:3, instance:com.forrester.testCases.Mobformation@459e9125]" name="checkmobformation" duration-ms="0" started-at="2017-01-18T01:40:40Z" data-provider="getData" finished-at="2017-01-18T01:40:40Z">
          <params>
            <param index="0">
              <value>
                <![CDATA[{Runmode=N, Text=Location Error, Description=Awesome, PlaceSearch=Phil}]]>
              </value>
            </param>
          </params>
          <reporter-output>
          </reporter-output>
        </test-method> <!-- checkmobformation -->
        <test-method status="SKIP" signature="checkmobformation(java.util.Hashtable)[pri:3, instance:com.forrester.testCases.Mobformation@459e9125]" name="checkmobformation" duration-ms="0" started-at="2017-01-18T01:40:40Z" data-provider="getData" finished-at="2017-01-18T01:40:40Z">
          <params>
            <param index="0">
              <value>
                <![CDATA[{Runmode=N, Text=Location Errors, Description=Cool, PlaceSearch=Tex}]]>
              </value>
            </param>
          </params>
          <reporter-output>
          </reporter-output>
        </test-method> <!-- checkmobformation -->
      </class> <!-- com.forrester.testCases.Mobformation -->
    </test> <!-- Mobformation Test -->
    <test name="MobSearch Test" duration-ms="124" started-at="2017-01-17T20:10:40Z" finished-at="2017-01-17T20:10:40Z">
      <class name="com.forrester.testCases.MobSearch">
        <test-method status="SKIP" signature="searchMob(java.util.Hashtable)[pri:2, instance:com.forrester.testCases.MobSearch@36fc695d]" name="searchMob" duration-ms="0" started-at="2017-01-18T01:40:40Z" data-provider="getData" finished-at="2017-01-18T01:40:40Z">
          <params>
            <param index="0">
              <value>
                <![CDATA[{PeopleSearch=Don, Runmode=Y, ExpectedText=Mobs}]]>
              </value>
            </param>
          </params>
          <reporter-output>
          </reporter-output>
        </test-method> <!-- searchMob -->
        <test-method status="SKIP" signature="searchMob(java.util.Hashtable)[pri:2, instance:com.forrester.testCases.MobSearch@36fc695d]" name="searchMob" duration-ms="0" started-at="2017-01-18T01:40:40Z" data-provider="getData" finished-at="2017-01-18T01:40:40Z">
          <params>
            <param index="0">
              <value>
                <![CDATA[{PeopleSearch=Mon, Runmode=Y, ExpectedText=Bon}]]>
              </value>
            </param>
          </params>
          <reporter-output>
          </reporter-output>
        </test-method> <!-- searchMob -->
        <test-method status="SKIP" signature="teardown()[pri:0, instance:com.forrester.testCases.MobSearch@36fc695d]" name="teardown" is-config="true" duration-ms="0" started-at="2017-01-18T01:40:40Z" finished-at="2017-01-18T01:40:40Z">
          <reporter-output>
          </reporter-output>
        </test-method> <!-- teardown -->
      </class> <!-- com.forrester.testCases.MobSearch -->
      <class name="com.forrester.testCases.Navigate">
        <test-method status="FAIL" signature="beforetest()[pri:0, instance:com.forrester.testCases.Navigate@6df97b55]" name="beforetest" is-config="true" duration-ms="0" started-at="2017-01-18T01:40:26Z" finished-at="2017-01-18T01:40:26Z">
          <exception class="org.openqa.selenium.SessionNotCreatedException">
            <message>
              <![CDATA[A new session could not be created. Details: Appium's IosDriver does not support xcode version 8.2.1. Apple has deprecated UIAutomation. Use the "XCUITest" automationName capability instead. (WARNING: The server did not provide any stacktrace information)
Command duration or timeout: 370 milliseconds
Build info: version: '2.52.0', revision: '4c2593c', time: '2016-02-11 19:03:33'
System info: host: 'PUNsgomes0MFVH7.local', ip: '192.168.1.6', os.name: 'Mac OS X', os.arch: 'x86_64', os.version: '10.12.2', java.version: '1.8.0_60'
Driver info: io.appium.java_client.ios.IOSDriver]]>
            </message>
            <full-stacktrace>
              <![CDATA[org.openqa.selenium.SessionNotCreatedException: A new session could not be created. Details: Appium's IosDriver does not support xcode version 8.2.1. Apple has deprecated UIAutomation. Use the "XCUITest" automationName capability instead. (WARNING: The server did not provide any stacktrace information)
Command duration or timeout: 370 milliseconds
Build info: version: '2.52.0', revision: '4c2593c', time: '2016-02-11 19:03:33'
System info: host: 'PUNsgomes0MFVH7.local', ip: '192.168.1.6', os.name: 'Mac OS X', os.arch: 'x86_64', os.version: '10.12.2', java.version: '1.8.0_60'
Driver info: io.appium.java_client.ios.IOSDriver
	at sun.reflect.NativeConstructorAccessorImpl.newInstance0(Native Method)
	at sun.reflect.NativeConstructorAccessorImpl.newInstance(NativeConstructorAccessorImpl.java:62)
	at sun.reflect.DelegatingConstructorAccessorImpl.newInstance(DelegatingConstructorAccessorImpl.java:45)
	at java.lang.reflect.Constructor.newInstance(Constructor.java:422)
	at org.openqa.selenium.remote.ErrorHandler.createThrowable(ErrorHandler.java:206)
	at org.openqa.selenium.remote.ErrorHandler.throwIfResponseFailed(ErrorHandler.java:158)
	at org.openqa.selenium.remote.RemoteWebDriver.execute(RemoteWebDriver.java:678)
	at io.appium.java_client.DefaultGenericMobileDriver.execute(DefaultGenericMobileDriver.java:40)
	at io.appium.java_client.AppiumDriver.execute(AppiumDriver.java:1)
	at io.appium.java_client.ios.IOSDriver.execute(IOSDriver.java:1)
	at org.openqa.selenium.remote.RemoteWebDriver.startSession(RemoteWebDriver.java:249)
	at org.openqa.selenium.remote.RemoteWebDriver.<init>(RemoteWebDriver.java:131)
	at org.openqa.selenium.remote.RemoteWebDriver.<init>(RemoteWebDriver.java:144)
	at io.appium.java_client.DefaultGenericMobileDriver.<init>(DefaultGenericMobileDriver.java:36)
	at io.appium.java_client.AppiumDriver.<init>(AppiumDriver.java:114)
	at io.appium.java_client.AppiumDriver.<init>(AppiumDriver.java:132)
	at io.appium.java_client.ios.IOSDriver.<init>(IOSDriver.java:82)
	at com.forrester.config.MobileAppConfiguration.setupMobileAppConfigForIOS(MobileAppConfiguration.java:105)
	at com.forrester.testCases.Navigate.beforetest(Navigate.java:29)
	at sun.reflect.NativeMethodAccessorImpl.invoke0(Native Method)
	at sun.reflect.NativeMethodAccessorImpl.invoke(NativeMethodAccessorImpl.java:62)
	at sun.reflect.DelegatingMethodAccessorImpl.invoke(DelegatingMethodAccessorImpl.java:43)
	at java.lang.reflect.Method.invoke(Method.java:497)
	at org.testng.internal.MethodInvocationHelper.invokeMethod(MethodInvocationHelper.java:85)
	at org.testng.internal.Invoker.invokeConfigurationMethod(Invoker.java:510)
	at org.testng.internal.Invoker.invokeConfigurations(Invoker.java:211)
	at org.testng.internal.Invoker.invokeConfigurations(Invoker.java:138)
	at org.testng.SuiteRunner.privateRun(SuiteRunner.java:298)
	at org.testng.SuiteRunner.run(SuiteRunner.java:261)
	at org.testng.SuiteRunnerWorker.runSuite(SuiteRunnerWorker.java:52)
	at org.testng.SuiteRunnerWorker.run(SuiteRunnerWorker.java:86)
	at org.testng.TestNG.runSuitesSequentially(TestNG.java:1215)
	at org.testng.TestNG.runSuitesLocally(TestNG.java:1140)
	at org.testng.TestNG.run(TestNG.java:1048)
	at org.testng.TestNG.privateMain(TestNG.java:1355)
	at org.testng.TestNG.main(TestNG.java:1324)
]]>
            </full-stacktrace>
          </exception> <!-- org.openqa.selenium.SessionNotCreatedException -->
          <reporter-output>
          </reporter-output>
        </test-method> <!-- beforetest -->
      </class> <!-- com.forrester.testCases.Navigate -->
    </test> <!-- MobSearch Test -->
  </suite> <!-- Forrester Suite -->
</testng-results>
