<?xml version="1.0" encoding="UTF-8"?>
<!-- Generated by org.testng.reporters.JUnitXMLReporter -->
<testsuite hostname="PUNsgomes0MFVH7.local" name="Mobformation Test" tests="2" failures="0" timestamp="17 Jan 2017 20:10:40 GMT" time="0.195" errors="0">
  <testcase name="checkmobformation" time="0.0" classname="com.forrester.testCases.Mobformation">
    <skipped/>
  </testcase> <!-- checkmobformation -->
  <testcase name="checkmobformation" time="0.0" classname="com.forrester.testCases.Mobformation">
    <skipped/>
  </testcase> <!-- checkmobformation -->
</testsuite> <!-- Mobformation Test -->
