<?xml version="1.0" encoding="UTF-8"?>
<!-- Generated by org.testng.reporters.JUnitXMLReporter -->
<testsuite hostname="PUNsgomes0MFVH7.local" name="Mobformation Test" tests="2" failures="0" timestamp="1 Dec 2016 11:39:06 GMT" time="14.698" errors="0">
  <testcase name="checkmobformation" time="0.001" classname="com.forrester.testCases.Mobformation">
    <skipped/>
  </testcase> <!-- checkmobformation -->
  <testcase name="checkmobformation" time="0.001" classname="com.forrester.testCases.Mobformation">
    <skipped/>
  </testcase> <!-- checkmobformation -->
</testsuite> <!-- Mobformation Test -->
