<?xml version="1.0" encoding="UTF-8"?>
<!-- Generated by org.testng.reporters.JUnitXMLReporter -->
<testsuite hostname="PUNsgomes0MFVH7.local" name="MobSearch Test" tests="2" failures="1" timestamp="1 Dec 2016 11:39:55 GMT" time="48.239" errors="0">
  <testcase name="searchMob" time="26.05" classname="com.forrester.testCases.MobSearch"/>
  <testcase name="searchMob" time="17.945" classname="com.forrester.testCases.MobSearch">
    <failure type="java.lang.AssertionError" message="expected [Bon] but found [Mobs]">
      <![CDATA[java.lang.AssertionError: expected [Bon] but found [Mobs]
	at com.forrester.pages.MobsPage.MonPeopleSearch(MobsPage.java:28)
	at com.forrester.testCases.MobSearch.searchMob(MobSearch.java:37)
... Removed 28 stack frames]]>
    </failure>
  </testcase> <!-- searchMob -->
</testsuite> <!-- MobSearch Test -->
